Arguments: 
  /home/rhange/.nvm/versions/node/v14.15.1/bin/node /home/rhange/.nvm/versions/node/v14.15.1/bin/yarn install

PATH: 
  /home/rhange/google-cloud-sdk/bin:/usr/local/bin:/home/rhange/.nvm/versions/node/v14.15.1/bin:/opt/android-sdk/tools:/opt/android-sdk/platform-tools:/home/rhange/google-cloud-sdk/bin:/usr/local/bin:/home/rhange/.nvm/versions/node/v14.15.1/bin:/opt/android-sdk/tools:/opt/android-sdk/platform-tools:/opt/android-sdk/tools:/opt/android-sdk/platform-tools:/usr/local/bin:/usr/local/sbin:/usr/bin:/usr/sbin:/bin:/sbin:/home/rhange/bin

Yarn version: 
  1.22.10

Node version: 
  14.15.1

Platform: 
  linux x64

Trace: 
  Error: ENOSPC: no space left on device, copyfile '/home/rhange/.cache/yarn/v6/npm-shaka-player-2.5.18-5382d0b879ade01dc7cea5115d311d2168b7428a-integrity/node_modules/shaka-player/externs/shaka/offline_compat_v1.js' -> '/home/rhange/Documents/bit_project_JHS2K/camera_app/node_modules/shaka-player/externs/shaka/offline_compat_v1.js'

npm manifest: 
  {
    "main": "node_modules/expo/AppEntry.js",
    "scripts": {
      "start": "expo start",
      "android": "expo start --android",
      "ios": "expo start --ios",
      "web": "expo start --web",
      "eject": "expo eject"
    },
    "dependencies": {
      "@react-native-async-storage/async-storage": "^1.13.2",
      "@react-native-community/art": "^1.2.0",
      "@react-native-community/masked-view": "^0.1.10",
      "@react-navigation/native": "^5.8.10",
      "@react-navigation/stack": "^5.12.8",
      "axios": "^0.21.0",
      "expo": "^39.0.5",
      "expo-camera": "^9.0.0",
      "expo-face-detector": "^8.3.0",
      "expo-image-picker": "^9.1.1",
      "expo-linear-gradient": "~8.3.1",
      "expo-media-library": "^9.2.1",
      "expo-permissions": "~9.3.0",
      "expo-sharing": "^8.4.1",
      "expo-status-bar": "~1.0.2",
      "install": "^0.13.0",
      "native-base": "^2.13.15",
      "react": "17.0.1",
      "react-dom": "17.0.1",
      "react-native": "https://github.com/expo/react-native/archive/sdk-39.0.4.tar.gz",
      "react-native-art": "^1.0.0",
      "react-native-document-picker": "^4.1.0",
      "react-native-gesture-handler": "~1.7.0",
      "react-native-linear-gradient": "^2.5.6",
      "react-native-loop-text": "^1.0.2",
      "react-native-multi-toggle-switch": "^1.1.1",
      "react-native-progress": "^4.1.2",
      "react-native-screens": "~2.10.1",
      "react-native-size-matters": "^0.3.1",
      "react-native-toggle-element": "^1.0.1",
      "react-native-video": "^5.1.0-alpha8",
      "react-native-web": "~0.14.9",
      "styled-components": "^5.2.1",
      "expo-font": "~8.3.0"
    },
    "devDependencies": {
      "@babel/core": "~7.12.9",
      "eslint-plugin-react-hooks": "^4.2.0"
    },
    "private": true,
    "name": "camera_app"
  }

yarn manifest: 
  No manifest

Lockfile: 
  No lockfile
